<?xml version="1.0" encoding="UTF-8"?>
<!-- Generated by org.testng.reporters.JUnitReportReporter -->
<testsuite hostname="LAPTOP-406GQ2QJ" failures="0" tests="1" name="testNG.ParametarizationExample1" time="0.006" errors="0" timestamp="2021-04-07T10:41:50 CDT" skipped="0">
  <testcase classname="testNG.ParametarizationExample1" name="printname" time="0.006"/>
  <system-out/>
</testsuite> <!-- testNG.ParametarizationExample1 -->
