<?xml version="1.0" encoding="UTF-8"?>
<!-- Generated by org.testng.reporters.JUnitReportReporter -->
<testsuite hostname="LAPTOP-406GQ2QJ" failures="0" tests="3" name="testNG.SuitExample" time="3.813" errors="0" timestamp="2021-03-09T18:42:21 CST" skipped="0">
  <testcase classname="testNG.SuitExample" name="openGoogle" time="1.324"/>
  <system-out/>
  <testcase classname="testNG.SuitExample" name="openYahoo" time="0.941"/>
  <system-out/>
  <testcase classname="testNG.SuitExample" name="openBing" time="1.548"/>
  <system-out/>
</testsuite> <!-- testNG.SuitExample -->
