<?xml version="1.0" encoding="UTF-8"?>
<!-- Generated by org.testng.reporters.JUnitReportReporter -->
<testsuite hostname="LAPTOP-406GQ2QJ" failures="0" tests="2" name="testNG.NewTest" time="0.005" errors="0" timestamp="2021-04-07T11:43:43 CDT" skipped="0">
  <testcase classname="testNG.NewTest" name="test" time="0.004"/>
  <system-out/>
  <testcase classname="testNG.NewTest" name="test1" time="0.001"/>
  <system-out/>
</testsuite> <!-- testNG.NewTest -->
