<?xml version="1.0" encoding="UTF-8"?>
<!-- Generated by org.testng.reporters.JUnitReportReporter -->
<testsuite hostname="LAPTOP-406GQ2QJ" failures="0" tests="4" name="advance.DataProviderExample" time="27.301" errors="0" timestamp="2021-05-04T13:04:37 CDT" skipped="0">
  <testcase classname="advance.DataProviderExample" name="Loginpage" time="5.839"/>
  <system-out/>
  <testcase classname="advance.DataProviderExample" name="Loginpage" time="8.648"/>
  <system-out/>
  <testcase classname="advance.DataProviderExample" name="Loginpage" time="4.098"/>
  <system-out/>
  <testcase classname="advance.DataProviderExample" name="Loginpage" time="8.716"/>
  <system-out/>
</testsuite> <!-- advance.DataProviderExample -->
