<?xml version="1.0" encoding="UTF-8"?>
<!-- Generated by org.testng.reporters.JUnitReportReporter -->
<testsuite hostname="LAPTOP-406GQ2QJ" failures="0" tests="1" name="testNG.CorrectUserName" time="10.360" errors="0" timestamp="2021-03-11T13:23:54 CST" skipped="0">
  <testcase classname="testNG.CorrectUserName" name="loginWithCorrectUserName" time="10.360"/>
  <system-out/>
</testsuite> <!-- testNG.CorrectUserName -->
