<?xml version="1.0" encoding="UTF-8"?>
<!-- Generated by org.testng.reporters.JUnitReportReporter -->
<testsuite hostname="LAPTOP-406GQ2QJ" failures="0" tests="3" name="testNG.DependanciesManagement" time="0.004" errors="0" timestamp="2021-04-07T10:33:00 CDT" skipped="0">
  <testcase classname="testNG.DependanciesManagement" name="higherSecondary" time="0.001"/>
  <system-out/>
  <testcase classname="testNG.DependanciesManagement" name="highSchool" time="0.002"/>
  <system-out/>
  <testcase classname="testNG.DependanciesManagement" name="engineering" time="0.001"/>
  <system-out/>
</testsuite> <!-- testNG.DependanciesManagement -->
