<?xml version="1.0" encoding="UTF-8"?>
<!-- Generated by org.testng.reporters.JUnitReportReporter -->
<testsuite hostname="LAPTOP-406GQ2QJ" failures="0" tests="1" name="testNG.ParameterizationExample" time="0.005" errors="0" timestamp="2021-03-09T19:05:48 CST" skipped="0">
  <testcase classname="testNG.ParameterizationExample" name="printName" time="0.005"/>
  <system-out/>
</testsuite> <!-- testNG.ParameterizationExample -->
