<?xml version="1.0" encoding="UTF-8"?>
<!-- Generated by org.testng.reporters.JUnitReportReporter -->
<testsuite hostname="LAPTOP-406GQ2QJ" failures="0" tests="1" name="advance.Login" time="7.504" errors="0" timestamp="2021-05-04T13:18:29 CDT" skipped="0">
  <testcase classname="advance.Login" name="logindata" time="7.504"/>
  <system-out/>
</testsuite> <!-- advance.Login -->
