<?xml version="1.0" encoding="UTF-8"?>
<!-- Generated by org.testng.reporters.JUnitReportReporter -->
<testsuite hostname="LAPTOP-406GQ2QJ" failures="0" tests="2" name="testNG.ParallelTesting" time="17.031" errors="0" timestamp="2021-04-07T11:16:25 CDT" skipped="0">
  <testcase classname="testNG.ParallelTesting" name="openBing" time="7.709"/>
  <system-out/>
  <testcase classname="testNG.ParallelTesting" name="openGoogle" time="9.322"/>
  <system-out/>
</testsuite> <!-- testNG.ParallelTesting -->
