<?xml version="1.0" encoding="UTF-8"?>
<!-- Generated by org.testng.reporters.JUnitReportReporter -->
<testsuite hostname="LAPTOP-406GQ2QJ" failures="0" tests="3" name="testNG.GroupingExample" time="0.013" errors="0" timestamp="2021-04-07T10:35:59 CDT" skipped="0">
  <testcase classname="testNG.GroupingExample" name="apple1" time="0.001"/>
  <system-out/>
  <testcase classname="testNG.GroupingExample" name="apple" time="0.011"/>
  <system-out/>
  <testcase classname="testNG.GroupingExample" name="apple2" time="0.001"/>
  <system-out/>
</testsuite> <!-- testNG.GroupingExample -->
