<?xml version="1.0" encoding="UTF-8"?>
<!-- Generated by org.testng.reporters.JUnitReportReporter -->
<testsuite hostname="LAPTOP-406GQ2QJ" failures="0" tests="6" name="testNG.DriveACar" time="0.009" errors="0" timestamp="2021-04-07T11:33:57 CDT" skipped="1">
  <testcase classname="testNG.DriveACar" name="startTheCar" time="0.006"/>
  <system-out/>
  <testcase classname="testNG.DriveACar" name="putFirstGear" time="0.001"/>
  <system-out/>
  <testcase classname="testNG.DriveACar" name="putSecondGear" time="0.000"/>
  <system-out/>
  <testcase classname="testNG.DriveACar" name="putThirdGear" time="0.001"/>
  <system-out/>
  <testcase classname="testNG.DriveACar" name="putFourGear" time="0.001"/>
  <system-out/>
  <testcase classname="testNG.DriveACar" name="musicTurnOn">
    <skipped/>
  </testcase> <!-- musicTurnOn -->
  <system-out/>
</testsuite> <!-- testNG.DriveACar -->
