<?xml version="1.0" encoding="UTF-8"?>
<!-- Generated by org.testng.reporters.JUnitReportReporter -->
<testsuite hostname="LAPTOP-406GQ2QJ" failures="0" tests="1" name="advance.Example1" time="5.988" errors="0" timestamp="2021-04-07T15:16:03 CDT" skipped="0">
  <testcase classname="advance.Example1" name="Logincorrect" time="5.988"/>
  <system-out/>
</testsuite> <!-- advance.Example1 -->
