<?xml version="1.0" encoding="UTF-8"?>
<!-- Generated by org.testng.reporters.JUnitReportReporter -->
<testsuite hostname="LAPTOP-406GQ2QJ" failures="0" tests="4" name="testNG.SampleTestCase" time="0.007" errors="0" timestamp="2021-03-11T11:55:31 CST" skipped="0">
  <testcase classname="testNG.SampleTestCase" name="fourthTestCase" time="0.001"/>
  <system-out/>
  <testcase classname="testNG.SampleTestCase" name="firstTestCase" time="0.005"/>
  <system-out/>
  <testcase classname="testNG.SampleTestCase" name="secondTestCase" time="0.001"/>
  <system-out/>
  <testcase classname="testNG.SampleTestCase" name="thirdTestCase" time="0.000"/>
  <system-out/>
</testsuite> <!-- testNG.SampleTestCase -->
